<?xml version="1.0" encoding="UTF-8"?>
<!-- Generated by org.testng.reporters.JUnitXMLReporter -->
<testsuite ignored="0" hostname="DESKTOP-DIOO17K" failures="0" tests="4" name="Surefire test" time="12.303" errors="0" timestamp="2023-09-01T17:45:25 IST">
  <testcase classname="api.tests.UserTests" name="testPostUser" time="4.495"/>
  <testcase classname="api.tests.UserTests" name="testGetUserByName" time="1.359"/>
  <testcase classname="api.tests.UserTests" name="testPutUserByName" time="4.294"/>
  <testcase classname="api.tests.UserTests" name="testDeleteUserByName" time="1.773"/>
</testsuite> <!-- Surefire test -->
