<?xml version="1.0" encoding="UTF-8"?>
<!-- Generated by org.testng.reporters.JUnitXMLReporter -->
<testsuite ignored="0" hostname="DESKTOP-DIOO17K" failures="0" tests="4" name="petstore" time="11.099" errors="0" timestamp="2023-09-01T17:35:03 IST">
  <testcase classname="api.tests.UserTests" name="testPostUser" time="4.119"/>
  <testcase classname="api.tests.UserTests" name="testGetUserByName" time="1.709"/>
  <testcase classname="api.tests.UserTests" name="testPutUserByName" time="3.276"/>
  <testcase classname="api.tests.UserTests" name="testDeleteUserByName" time="1.649"/>
</testsuite> <!-- petstore -->
