<?xml version="1.0" encoding="UTF-8"?>
<!-- Generated by org.testng.reporters.JUnitXMLReporter -->
<testsuite ignored="0" hostname="DESKTOP-DIOO17K" failures="0" tests="4" name="Test" time="10.903" errors="0" timestamp="2023-09-01T17:30:43 IST">
  <testcase classname="api.tests.UserTests" name="testPostUser" time="4.091"/>
  <testcase classname="api.tests.UserTests" name="testGetUserByName" time="1.419"/>
  <testcase classname="api.tests.UserTests" name="testPutUserByName" time="3.02"/>
  <testcase classname="api.tests.UserTests" name="testDeleteUserByName" time="2.025"/>
</testsuite> <!-- Test -->
