<?xml version="1.0" encoding="UTF-8"?>
<testng-results ignored="0" total="4" passed="4" failed="0" skipped="0">
  <reporter-output>
  </reporter-output>
  <suite started-at="2023-09-01T17:45:13 IST" name="Surefire suite" finished-at="2023-09-01T17:45:25 IST" duration-ms="12303">
    <groups>
    </groups>
    <test started-at="2023-09-01T17:45:13 IST" name="Surefire test" finished-at="2023-09-01T17:45:25 IST" duration-ms="12303">
      <class name="api.tests.UserTests">
        <test-method is-config="true" signature="setup()[pri:0, instance:api.tests.UserTests@49c386c8]" started-at="2023-09-01T17:45:13 IST" name="setup" finished-at="2023-09-01T17:45:13 IST" duration-ms="322" status="PASS">
          <reporter-output>
          </reporter-output>
        </test-method> <!-- setup -->
        <test-method signature="testPostUser()[pri:1, instance:api.tests.UserTests@49c386c8]" started-at="2023-09-01T17:45:13 IST" name="testPostUser" finished-at="2023-09-01T17:45:18 IST" duration-ms="4495" status="PASS">
          <reporter-output>
          </reporter-output>
        </test-method> <!-- testPostUser -->
        <test-method signature="testGetUserByName()[pri:2, instance:api.tests.UserTests@49c386c8]" started-at="2023-09-01T17:45:18 IST" name="testGetUserByName" finished-at="2023-09-01T17:45:19 IST" duration-ms="1359" status="PASS">
          <reporter-output>
          </reporter-output>
        </test-method> <!-- testGetUserByName -->
        <test-method signature="testPutUserByName()[pri:3, instance:api.tests.UserTests@49c386c8]" started-at="2023-09-01T17:45:19 IST" name="testPutUserByName" finished-at="2023-09-01T17:45:23 IST" duration-ms="4294" status="PASS">
          <reporter-output>
          </reporter-output>
        </test-method> <!-- testPutUserByName -->
        <test-method signature="testDeleteUserByName()[pri:4, instance:api.tests.UserTests@49c386c8]" started-at="2023-09-01T17:45:23 IST" name="testDeleteUserByName" finished-at="2023-09-01T17:45:25 IST" duration-ms="1773" status="PASS">
          <reporter-output>
          </reporter-output>
        </test-method> <!-- testDeleteUserByName -->
      </class> <!-- api.tests.UserTests -->
    </test> <!-- Surefire test -->
  </suite> <!-- Surefire suite -->
</testng-results>
